TN:
SF:/Users/timothyfehintolu/Documents/code/stack-up/learn/Bootcamp/Fast-Food-Fast-Frontend/src/App.js
FNF:0
FNH:0
DA:1,0
DA:2,0
DA:3,0
DA:4,0
DA:5,0
DA:6,0
DA:7,0
DA:8,0
DA:9,0
DA:13,0
DA:15,0
DA:17,0
DA:19,0
DA:22,0
DA:23,0
DA:24,0
DA:25,0
DA:28,0
DA:35,0
LF:19
LH:0
BRDA:13,0,0,0
BRDA:13,0,1,0
BRDA:23,1,0,0
BRDA:23,1,1,0
BRF:4
BRH:0
end_of_record
TN:
SF:/Users/timothyfehintolu/Documents/code/stack-up/learn/Bootcamp/Fast-Food-Fast-Frontend/src/index.js
FNF:0
FNH:0
DA:1,0
DA:2,0
DA:5,0
DA:6,0
DA:7,0
DA:9,0
LF:6
LH:0
BRF:0
BRH:0
end_of_record
TN:
SF:/Users/timothyfehintolu/Documents/code/stack-up/learn/Bootcamp/Fast-Food-Fast-Frontend/src/actions/authActions.js
FN:9,(anonymous_0)
FN:17,(anonymous_1)
FN:17,(anonymous_2)
FN:19,(anonymous_3)
FN:32,(anonymous_4)
FN:38,(anonymous_5)
FN:38,(anonymous_6)
FN:40,(anonymous_7)
FN:53,(anonymous_8)
FN:59,(anonymous_9)
FN:59,(anonymous_10)
FNF:11
FNH:0
FNDA:0,(anonymous_0)
FNDA:0,(anonymous_1)
FNDA:0,(anonymous_2)
FNDA:0,(anonymous_3)
FNDA:0,(anonymous_4)
FNDA:0,(anonymous_5)
FNDA:0,(anonymous_6)
FNDA:0,(anonymous_7)
FNDA:0,(anonymous_8)
FNDA:0,(anonymous_9)
FNDA:0,(anonymous_10)
DA:9,2
DA:17,2
DA:18,0
DA:21,0
DA:24,0
DA:26,0
DA:28,0
DA:30,0
DA:32,0
DA:38,2
DA:39,0
DA:42,0
DA:45,0
DA:47,0
DA:49,0
DA:51,0
DA:53,0
DA:59,2
DA:60,0
DA:62,0
DA:64,0
DA:65,0
LF:22
LH:4
BRF:0
BRH:0
end_of_record
TN:
SF:/Users/timothyfehintolu/Documents/code/stack-up/learn/Bootcamp/Fast-Food-Fast-Frontend/src/actions/getMenusAction.js
FN:7,setMenuLoading
FN:11,getAllMenus
FN:11,(anonymous_3)
FN:14,(anonymous_4)
FN:18,(anonymous_5)
FNF:5
FNH:0
FNDA:0,setMenuLoading
FNDA:0,getAllMenus
FNDA:0,(anonymous_3)
FNDA:0,(anonymous_4)
FNDA:0,(anonymous_5)
DA:1,0
DA:4,0
DA:7,0
DA:11,0
DA:12,0
DA:13,0
DA:14,0
DA:18,0
LF:8
LH:0
BRF:0
BRH:0
end_of_record
TN:
SF:/Users/timothyfehintolu/Documents/code/stack-up/learn/Bootcamp/Fast-Food-Fast-Frontend/src/actions/orderAction.js
FN:15,(anonymous_0)
FN:15,(anonymous_1)
FN:31,(anonymous_2)
FN:31,(anonymous_3)
FN:38,(anonymous_4)
FN:46,(anonymous_5)
FN:46,(anonymous_6)
FN:56,(anonymous_7)
FN:64,(anonymous_8)
FN:70,(anonymous_9)
FN:70,(anonymous_10)
FN:79,(anonymous_11)
FN:85,(anonymous_12)
FN:91,(anonymous_13)
FN:91,(anonymous_14)
FN:100,(anonymous_15)
FN:106,(anonymous_16)
FN:112,(anonymous_17)
FN:112,(anonymous_18)
FN:121,(anonymous_19)
FN:128,(anonymous_20)
FNF:21
FNH:0
FNDA:0,(anonymous_0)
FNDA:0,(anonymous_1)
FNDA:0,(anonymous_2)
FNDA:0,(anonymous_3)
FNDA:0,(anonymous_4)
FNDA:0,(anonymous_5)
FNDA:0,(anonymous_6)
FNDA:0,(anonymous_7)
FNDA:0,(anonymous_8)
FNDA:0,(anonymous_9)
FNDA:0,(anonymous_10)
FNDA:0,(anonymous_11)
FNDA:0,(anonymous_12)
FNDA:0,(anonymous_13)
FNDA:0,(anonymous_14)
FNDA:0,(anonymous_15)
FNDA:0,(anonymous_16)
FNDA:0,(anonymous_17)
FNDA:0,(anonymous_18)
FNDA:0,(anonymous_19)
FNDA:0,(anonymous_20)
DA:14,2
DA:15,2
DA:16,0
DA:21,0
DA:22,0
DA:23,0
DA:25,0
DA:31,2
DA:32,0
DA:38,2
DA:39,0
DA:40,0
DA:46,2
DA:47,0
DA:57,0
DA:61,0
DA:62,0
DA:64,0
DA:70,2
DA:71,0
DA:80,0
DA:85,0
DA:91,2
DA:92,0
DA:101,0
DA:106,0
DA:112,2
DA:113,0
DA:122,0
DA:126,0
DA:128,0
LF:31
LH:8
BRF:0
BRH:0
end_of_record
TN:
SF:/Users/timothyfehintolu/Documents/code/stack-up/learn/Bootcamp/Fast-Food-Fast-Frontend/src/actions/types.js
FNF:0
FNH:0
DA:1,2
DA:3,2
DA:5,2
DA:7,2
DA:9,2
DA:11,2
DA:13,2
DA:15,2
DA:17,2
DA:19,2
DA:21,2
DA:23,2
DA:25,2
LF:13
LH:13
BRF:0
BRH:0
end_of_record
TN:
SF:/Users/timothyfehintolu/Documents/code/stack-up/learn/Bootcamp/Fast-Food-Fast-Frontend/src/components/NavItems/NavItems.js
FN:10,(anonymous_0)
FN:46,(anonymous_1)
FN:57,(anonymous_2)
FN:57,(anonymous_3)
FN:67,(anonymous_4)
FN:67,(anonymous_5)
FN:76,(anonymous_6)
FN:91,(anonymous_7)
FN:120,(anonymous_8)
FNF:9
FNH:0
FNDA:0,(anonymous_0)
FNDA:0,(anonymous_1)
FNDA:0,(anonymous_2)
FNDA:0,(anonymous_3)
FNDA:0,(anonymous_4)
FNDA:0,(anonymous_5)
FNDA:0,(anonymous_6)
FNDA:0,(anonymous_7)
FNDA:0,(anonymous_8)
DA:10,2
DA:11,0
DA:12,0
DA:13,0
DA:31,0
DA:46,0
DA:47,0
DA:48,0
DA:49,0
DA:50,0
DA:51,0
DA:53,0
DA:56,0
DA:57,0
DA:58,0
DA:67,0
DA:68,0
DA:76,0
DA:77,0
DA:78,0
DA:82,0
DA:91,0
DA:115,2
DA:120,2
LF:24
LH:3
BRDA:49,0,0,0
BRDA:49,0,1,0
BRDA:56,1,0,0
BRDA:56,1,1,0
BRDA:87,2,0,0
BRDA:87,2,1,0
BRF:6
BRH:0
end_of_record
TN:
SF:/Users/timothyfehintolu/Documents/code/stack-up/learn/Bootcamp/Fast-Food-Fast-Frontend/src/components/Pages/AdminOrderPage/AdminOrderPage.js
FN:18,(anonymous_19)
FN:29,onClick
FN:76,mapStateToProps
FNF:3
FNH:0
FNDA:0,(anonymous_19)
FNDA:0,onClick
FNDA:0,mapStateToProps
DA:1,0
DA:2,0
DA:3,0
DA:7,0
DA:8,0
DA:12,0
DA:13,0
DA:14,0
DA:15,0
DA:18,0
DA:29,0
DA:37,0
DA:76,0
LF:13
LH:0
BRDA:41,0,0,0
BRDA:41,0,1,0
BRDA:68,1,0,0
BRDA:68,1,1,0
BRF:4
BRH:0
end_of_record
TN:
SF:/Users/timothyfehintolu/Documents/code/stack-up/learn/Bootcamp/Fast-Food-Fast-Frontend/src/components/Pages/CheckoutPage/CheckoutPage.js
FN:17,(anonymous_19)
FN:21,(anonymous_20)
FN:41,(anonymous_23)
FN:57,onChange
FN:88,onSubmit
FN:121,mapStateToProps
FNF:6
FNH:0
FNDA:0,(anonymous_19)
FNDA:0,(anonymous_20)
FNDA:0,(anonymous_23)
FNDA:0,onChange
FNDA:0,onSubmit
FNDA:0,mapStateToProps
DA:2,0
DA:3,0
DA:4,0
DA:5,0
DA:6,0
DA:7,0
DA:8,0
DA:12,0
DA:13,0
DA:14,0
DA:15,0
DA:16,0
DA:17,0
DA:18,0
DA:19,0
DA:20,0
DA:21,0
DA:22,0
DA:27,0
DA:30,0
DA:31,0
DA:37,0
DA:38,0
DA:41,0
DA:57,0
DA:80,0
DA:81,0
DA:82,0
DA:83,0
DA:88,0
DA:121,0
LF:31
LH:0
BRDA:16,0,0,0
BRDA:16,0,1,0
BRDA:20,1,0,0
BRDA:20,1,1,0
BRDA:87,2,0,0
BRDA:87,2,1,0
BRDA:97,3,0,0
BRDA:97,3,1,0
BRF:8
BRH:0
end_of_record
TN:
SF:/Users/timothyfehintolu/Documents/code/stack-up/learn/Bootcamp/Fast-Food-Fast-Frontend/src/components/Pages/Homepage/Homepage.js
FNF:0
FNH:0
DA:2,0
DA:3,0
DA:4,0
DA:5,0
DA:13,0
LF:5
LH:0
BRF:0
BRH:0
end_of_record
TN:
SF:/Users/timothyfehintolu/Documents/code/stack-up/learn/Bootcamp/Fast-Food-Fast-Frontend/src/components/Pages/LoginPage/LoginPage.js
FN:112,mapStateToProps
FNF:1
FNH:0
FNDA:0,mapStateToProps
DA:5,0
DA:6,0
DA:7,0
DA:8,0
DA:9,0
DA:11,0
DA:21,0
DA:22,0
DA:27,0
DA:28,0
DA:29,0
DA:32,0
DA:33,0
DA:40,0
DA:46,0
DA:47,0
DA:51,0
DA:55,0
DA:112,0
LF:19
LH:0
BRDA:21,0,0,0
BRDA:21,0,1,0
BRDA:28,1,0,0
BRDA:28,1,1,0
BRDA:32,2,0,0
BRDA:32,2,1,0
BRDA:58,3,0,0
BRDA:58,3,1,0
BRF:8
BRH:0
end_of_record
TN:
SF:/Users/timothyfehintolu/Documents/code/stack-up/learn/Bootcamp/Fast-Food-Fast-Frontend/src/components/Pages/MenuPage/MenuPage.js
FN:4,MenuPage
FNF:1
FNH:0
FNDA:0,MenuPage
DA:1,0
DA:2,0
DA:4,0
LF:3
LH:0
BRF:0
BRH:0
end_of_record
TN:
SF:/Users/timothyfehintolu/Documents/code/stack-up/learn/Bootcamp/Fast-Food-Fast-Frontend/src/components/Pages/SignupPage/SignupPage.js
FN:177,mapStateToProps
FNF:1
FNH:0
FNDA:0,mapStateToProps
DA:5,0
DA:6,0
DA:7,0
DA:8,0
DA:10,0
DA:11,0
DA:29,0
DA:30,0
DA:38,0
DA:39,0
DA:42,0
DA:43,0
DA:50,0
DA:56,0
DA:57,0
DA:68,0
DA:72,0
DA:73,0
DA:177,0
LF:19
LH:0
BRDA:29,0,0,0
BRDA:29,0,1,0
BRDA:38,1,0,0
BRDA:38,1,1,0
BRDA:42,2,0,0
BRDA:42,2,1,0
BRDA:75,3,0,0
BRDA:75,3,1,0
BRDA:77,4,0,0
BRDA:77,4,1,0
BRF:10
BRH:0
end_of_record
TN:
SF:/Users/timothyfehintolu/Documents/code/stack-up/learn/Bootcamp/Fast-Food-Fast-Frontend/src/components/Pages/SuccessPage/SuccessPage.js
FN:3,SuccessPage
FNF:1
FNH:0
FNDA:0,SuccessPage
DA:1,0
DA:3,0
LF:2
LH:0
BRF:0
BRH:0
end_of_record
TN:
SF:/Users/timothyfehintolu/Documents/code/stack-up/learn/Bootcamp/Fast-Food-Fast-Frontend/src/components/Pages/UserDashboardPage/UserDashboardPage.js
FN:16,(anonymous_18)
FN:83,mapStateToProps
FNF:2
FNH:0
FNDA:0,(anonymous_18)
FNDA:0,mapStateToProps
DA:1,0
DA:2,0
DA:3,0
DA:4,0
DA:10,0
DA:11,0
DA:12,0
DA:16,0
DA:64,0
DA:83,0
LF:10
LH:0
BRDA:68,0,0,0
BRDA:68,0,1,0
BRF:2
BRH:0
end_of_record
TN:
SF:/Users/timothyfehintolu/Documents/code/stack-up/learn/Bootcamp/Fast-Food-Fast-Frontend/src/components/UI/Button/index.jsx
FN:8,(anonymous_0)
FN:13,(anonymous_1)
FNF:2
FNH:2
FNDA:2,(anonymous_0)
FNDA:1,(anonymous_1)
DA:9,2
DA:10,2
DA:13,1
LF:3
LH:3
BRDA:12,0,0,1
BRDA:12,0,1,1
BRF:2
BRH:2
end_of_record
TN:
SF:/Users/timothyfehintolu/Documents/code/stack-up/learn/Bootcamp/Fast-Food-Fast-Frontend/src/components/UI/Card/Card.js
FN:22,(anonymous_19)
FN:37,onKeyPress
FN:38,onClick
FN:70,mapStateToProps
FNF:4
FNH:0
FNDA:0,(anonymous_19)
FNDA:0,onKeyPress
FNDA:0,onClick
FNDA:0,mapStateToProps
DA:2,0
DA:3,0
DA:4,0
DA:5,0
DA:6,0
DA:11,0
DA:15,0
DA:16,0
DA:20,0
DA:21,0
DA:22,0
DA:37,0
DA:38,0
DA:53,0
DA:70,0
LF:15
LH:0
BRDA:21,0,0,0
BRDA:21,0,1,0
BRF:2
BRH:0
end_of_record
TN:
SF:/Users/timothyfehintolu/Documents/code/stack-up/learn/Bootcamp/Fast-Food-Fast-Frontend/src/components/UI/Content/Content.jsx
FN:6,(anonymous_0)
FNF:1
FNH:1
FNDA:3,(anonymous_0)
DA:7,3
DA:8,3
LF:2
LH:2
BRDA:9,0,0,1
BRDA:9,0,1,2
BRF:2
BRH:2
end_of_record
TN:
SF:/Users/timothyfehintolu/Documents/code/stack-up/learn/Bootcamp/Fast-Food-Fast-Frontend/src/components/UI/Footer/Footer.js
FN:5,Footer
FNF:1
FNH:0
FNDA:0,Footer
DA:1,0
DA:2,0
DA:3,0
DA:4,0
DA:5,0
DA:6,0
LF:6
LH:0
BRF:0
BRH:0
end_of_record
TN:
SF:/Users/timothyfehintolu/Documents/code/stack-up/learn/Bootcamp/Fast-Food-Fast-Frontend/src/components/UI/Header/header.js
FN:6,(anonymous_0)
FN:7,(anonymous_1)
FN:16,(anonymous_2)
FN:49,(anonymous_3)
FN:49,(anonymous_4)
FNF:5
FNH:5
FNDA:3,(anonymous_0)
FNDA:3,(anonymous_1)
FNDA:3,(anonymous_2)
FNDA:3,(anonymous_3)
FNDA:12,(anonymous_4)
DA:6,1
DA:7,3
DA:8,3
DA:16,3
DA:17,3
DA:27,3
DA:49,3
DA:50,12
DA:56,3
LF:9
LH:9
BRF:0
BRH:0
end_of_record
TN:
SF:/Users/timothyfehintolu/Documents/code/stack-up/learn/Bootcamp/Fast-Food-Fast-Frontend/src/components/UI/Input/Input.jsx
FN:9,(anonymous_0)
FN:14,(anonymous_1)
FNF:2
FNH:2
FNDA:4,(anonymous_0)
FNDA:1,(anonymous_1)
DA:10,4
DA:11,4
DA:14,1
LF:3
LH:3
BRF:0
BRH:0
end_of_record
TN:
SF:/Users/timothyfehintolu/Documents/code/stack-up/learn/Bootcamp/Fast-Food-Fast-Frontend/src/components/UI/Navbar/Navbar.js
FN:5,(anonymous_0)
FNF:1
FNH:0
FNDA:0,(anonymous_0)
DA:5,1
DA:6,0
LF:2
LH:1
BRF:0
BRH:0
end_of_record
TN:
SF:/Users/timothyfehintolu/Documents/code/stack-up/learn/Bootcamp/Fast-Food-Fast-Frontend/src/components/UI/NotFound/NotFound.js
FN:6,NotFound
FNF:1
FNH:0
FNDA:0,NotFound
DA:1,0
DA:2,0
DA:3,0
DA:6,0
LF:4
LH:0
BRF:0
BRH:0
end_of_record
TN:
SF:/Users/timothyfehintolu/Documents/code/stack-up/learn/Bootcamp/Fast-Food-Fast-Frontend/src/containers/Frame/Frame.js
FNF:0
FNH:0
DA:3,0
DA:4,0
DA:5,0
DA:6,0
DA:7,0
DA:13,0
LF:6
LH:0
BRF:0
BRH:0
end_of_record
TN:
SF:/Users/timothyfehintolu/Documents/code/stack-up/learn/Bootcamp/Fast-Food-Fast-Frontend/src/helpers/helpers.js
FNF:0
FNH:0
DA:1,0
LF:1
LH:0
BRF:0
BRH:0
end_of_record
TN:
SF:/Users/timothyfehintolu/Documents/code/stack-up/learn/Bootcamp/Fast-Food-Fast-Frontend/src/helpers/isEmpty.js
FN:1,isEmpty
FNF:1
FNH:0
FNDA:0,isEmpty
DA:1,0
LF:1
LH:0
BRDA:1,0,0,0
BRDA:1,0,1,0
BRDA:1,0,2,0
BRDA:1,0,3,0
BRDA:1,0,4,0
BRDA:1,0,5,0
BRF:6
BRH:0
end_of_record
TN:
SF:/Users/timothyfehintolu/Documents/code/stack-up/learn/Bootcamp/Fast-Food-Fast-Frontend/src/hoc/asyncComponent.js
FN:3,asyncComponent
FN:4,(anonymous_16)
FN:4,componentDidMount
FN:11,(anonymous_19)
FN:4,render
FNF:5
FNH:0
FNDA:0,asyncComponent
FNDA:0,(anonymous_16)
FNDA:0,componentDidMount
FNDA:0,(anonymous_19)
FNDA:0,render
DA:1,0
DA:3,0
DA:4,0
DA:9,0
DA:10,0
DA:12,0
DA:17,0
DA:19,0
LF:8
LH:0
BRDA:19,0,0,0
BRDA:19,0,1,0
BRF:2
BRH:0
end_of_record
TN:
SF:/Users/timothyfehintolu/Documents/code/stack-up/learn/Bootcamp/Fast-Food-Fast-Frontend/src/reducers/authReducer.js
FNF:0
FNH:0
DA:1,0
DA:2,0
DA:4,0
DA:9,0
DA:10,0
DA:12,0
DA:18,0
LF:7
LH:0
BRDA:9,0,0,0
BRDA:9,0,1,0
BRDA:9,1,0,0
BRDA:9,1,1,0
BRDA:9,2,0,0
BRDA:9,2,1,0
BRDA:11,3,0,0
BRDA:11,3,1,0
BRF:8
BRH:0
end_of_record
TN:
SF:/Users/timothyfehintolu/Documents/code/stack-up/learn/Bootcamp/Fast-Food-Fast-Frontend/src/reducers/errorReducer.js
FNF:0
FNH:0
DA:1,0
DA:3,0
DA:7,0
DA:8,0
DA:10,0
DA:13,0
LF:6
LH:0
BRDA:7,0,0,0
BRDA:7,0,1,0
BRDA:7,1,0,0
BRDA:7,1,1,0
BRDA:7,2,0,0
BRDA:7,2,1,0
BRDA:9,3,0,0
BRDA:9,3,1,0
BRF:8
BRH:0
end_of_record
TN:
SF:/Users/timothyfehintolu/Documents/code/stack-up/learn/Bootcamp/Fast-Food-Fast-Frontend/src/reducers/getOrdersReducer.js
FNF:0
FNH:0
DA:1,0
DA:3,0
DA:8,0
DA:9,0
DA:11,0
DA:16,0
DA:22,0
DA:27,0
LF:8
LH:0
BRDA:8,0,0,0
BRDA:8,0,1,0
BRDA:8,1,0,0
BRDA:8,1,1,0
BRDA:8,2,0,0
BRDA:8,2,1,0
BRDA:10,3,0,0
BRDA:10,3,1,0
BRDA:10,3,2,0
BRDA:10,3,3,0
BRF:10
BRH:0
end_of_record
TN:
SF:/Users/timothyfehintolu/Documents/code/stack-up/learn/Bootcamp/Fast-Food-Fast-Frontend/src/reducers/index.js
FNF:0
FNH:0
DA:1,0
DA:2,0
DA:3,0
DA:4,0
DA:5,0
DA:6,0
DA:7,0
LF:7
LH:0
BRF:0
BRH:0
end_of_record
TN:
SF:/Users/timothyfehintolu/Documents/code/stack-up/learn/Bootcamp/Fast-Food-Fast-Frontend/src/reducers/menuReducer.js
FNF:0
FNH:0
DA:1,0
DA:3,0
DA:8,0
DA:9,0
DA:11,0
DA:16,0
DA:22,0
LF:7
LH:0
BRDA:8,0,0,0
BRDA:8,0,1,0
BRDA:8,1,0,0
BRDA:8,1,1,0
BRDA:8,2,0,0
BRDA:8,2,1,0
BRDA:10,3,0,0
BRDA:10,3,1,0
BRDA:10,3,2,0
BRF:9
BRH:0
end_of_record
TN:
SF:/Users/timothyfehintolu/Documents/code/stack-up/learn/Bootcamp/Fast-Food-Fast-Frontend/src/reducers/orderReducer.js
FN:34,(anonymous_5)
FNF:1
FNH:0
FNDA:0,(anonymous_5)
DA:3,0
DA:10,0
DA:12,0
DA:18,0
DA:19,0
DA:21,0
DA:27,0
DA:32,0
DA:34,0
DA:38,0
DA:43,0
DA:50,0
LF:12
LH:0
BRDA:18,0,0,0
BRDA:18,0,1,0
BRDA:18,1,0,0
BRDA:18,1,1,0
BRDA:18,2,0,0
BRDA:18,2,1,0
BRDA:20,3,0,0
BRDA:20,3,1,0
BRDA:20,3,2,0
BRDA:20,3,3,0
BRDA:20,3,4,0
BRDA:20,3,5,0
BRDA:34,4,0,0
BRDA:34,4,1,0
BRF:14
BRH:0
end_of_record
TN:
SF:/Users/timothyfehintolu/Documents/code/stack-up/learn/Bootcamp/Fast-Food-Fast-Frontend/src/reducers/successReducer.js
FNF:0
FNH:0
DA:1,0
DA:3,0
DA:7,0
DA:8,0
DA:10,0
DA:13,0
LF:6
LH:0
BRDA:7,0,0,0
BRDA:7,0,1,0
BRDA:7,1,0,0
BRDA:7,1,1,0
BRDA:7,2,0,0
BRDA:7,2,1,0
BRDA:9,3,0,0
BRDA:9,3,1,0
BRF:8
BRH:0
end_of_record
TN:
SF:/Users/timothyfehintolu/Documents/code/stack-up/learn/Bootcamp/Fast-Food-Fast-Frontend/src/routes/Routes.js
FNF:0
FNH:0
DA:1,0
DA:2,0
DA:3,0
DA:4,0
DA:5,0
DA:6,0
DA:7,0
DA:8,0
DA:9,0
DA:10,0
DA:11,0
DA:12,0
DA:18,0
LF:13
LH:0
BRF:0
BRH:0
end_of_record
TN:
SF:/Users/timothyfehintolu/Documents/code/stack-up/learn/Bootcamp/Fast-Food-Fast-Frontend/src/store/index.js
FNF:0
FNH:0
DA:2,0
DA:4,0
DA:5,0
DA:7,0
DA:8,0
DA:9,0
LF:6
LH:0
BRDA:12,0,0,0
BRDA:12,0,1,0
BRF:2
BRH:0
end_of_record
TN:
SF:/Users/timothyfehintolu/Documents/code/stack-up/learn/Bootcamp/Fast-Food-Fast-Frontend/src/utils/setAuthToken.js
FN:4,(anonymous_0)
FNF:1
FNH:0
FNDA:0,(anonymous_0)
DA:4,2
DA:5,0
DA:7,0
DA:10,0
LF:4
LH:1
BRDA:5,0,0,0
BRDA:5,0,1,0
BRF:2
BRH:0
end_of_record
