TN:
SF:/Users/timothyfehintolu/Documents/code/stack-up/learn/Bootcamp/Fast-Food-Fast-Frontend/src/App.js
FN:31,App
FNF:1
FNH:0
FNDA:0,App
DA:1,0
DA:2,0
DA:3,0
DA:4,0
DA:5,0
DA:6,0
DA:7,0
DA:8,0
DA:9,0
DA:13,0
DA:15,0
DA:17,0
DA:19,0
DA:22,0
DA:23,0
DA:24,0
DA:25,0
DA:28,0
DA:31,0
LF:19
LH:0
BRDA:13,0,0,0
BRDA:13,0,1,0
BRDA:23,1,0,0
BRDA:23,1,1,0
BRF:4
BRH:0
end_of_record
TN:
SF:/Users/timothyfehintolu/Documents/code/stack-up/learn/Bootcamp/Fast-Food-Fast-Frontend/src/index.js
FNF:0
FNH:0
DA:1,0
DA:2,0
DA:5,0
DA:6,0
DA:7,0
DA:9,0
LF:6
LH:0
BRF:0
BRH:0
end_of_record
TN:
SF:/Users/timothyfehintolu/Documents/code/stack-up/learn/Bootcamp/Fast-Food-Fast-Frontend/src/actions/authActions.js
FN:9,(anonymous_0)
FN:17,(anonymous_1)
FN:17,(anonymous_2)
FN:19,(anonymous_3)
FN:32,(anonymous_4)
FN:38,(anonymous_5)
FN:38,(anonymous_6)
FN:40,(anonymous_7)
FN:53,(anonymous_8)
FN:59,(anonymous_9)
FN:59,(anonymous_10)
FNF:11
FNH:11
FNDA:2,(anonymous_0)
FNDA:1,(anonymous_1)
FNDA:1,(anonymous_2)
FNDA:1,(anonymous_3)
FNDA:1,(anonymous_4)
FNDA:1,(anonymous_5)
FNDA:1,(anonymous_6)
FNDA:1,(anonymous_7)
FNDA:1,(anonymous_8)
FNDA:1,(anonymous_9)
FNDA:1,(anonymous_10)
DA:9,8
DA:17,8
DA:18,1
DA:21,1
DA:24,1
DA:26,1
DA:28,1
DA:30,0
DA:32,1
DA:38,8
DA:39,1
DA:42,1
DA:45,1
DA:47,1
DA:49,1
DA:51,0
DA:53,1
DA:59,8
DA:60,1
DA:62,1
DA:64,1
DA:65,1
DA:66,1
LF:23
LH:21
BRF:0
BRH:0
end_of_record
TN:
SF:/Users/timothyfehintolu/Documents/code/stack-up/learn/Bootcamp/Fast-Food-Fast-Frontend/src/actions/getMenusAction.js
FN:7,(anonymous_0)
FN:11,(anonymous_1)
FN:11,(anonymous_2)
FN:14,(anonymous_3)
FN:18,(anonymous_4)
FNF:5
FNH:3
FNDA:1,(anonymous_0)
FNDA:1,(anonymous_1)
FNDA:1,(anonymous_2)
FNDA:0,(anonymous_3)
FNDA:0,(anonymous_4)
DA:7,5
DA:11,5
DA:12,1
DA:13,1
DA:14,0
DA:18,0
LF:6
LH:4
BRF:0
BRH:0
end_of_record
TN:
SF:/Users/timothyfehintolu/Documents/code/stack-up/learn/Bootcamp/Fast-Food-Fast-Frontend/src/actions/orderAction.js
FN:14,(anonymous_0)
FN:14,(anonymous_1)
FN:30,(anonymous_2)
FN:30,(anonymous_3)
FN:37,(anonymous_4)
FN:45,(anonymous_5)
FN:45,(anonymous_6)
FN:55,(anonymous_7)
FN:63,(anonymous_8)
FN:69,(anonymous_9)
FN:69,(anonymous_10)
FN:78,(anonymous_11)
FN:84,(anonymous_12)
FN:90,(anonymous_13)
FN:90,(anonymous_14)
FN:99,(anonymous_15)
FN:105,(anonymous_16)
FN:111,(anonymous_17)
FN:111,(anonymous_18)
FN:120,(anonymous_19)
FN:127,(anonymous_20)
FNF:21
FNH:12
FNDA:1,(anonymous_0)
FNDA:1,(anonymous_1)
FNDA:0,(anonymous_2)
FNDA:0,(anonymous_3)
FNDA:1,(anonymous_4)
FNDA:1,(anonymous_5)
FNDA:1,(anonymous_6)
FNDA:1,(anonymous_7)
FNDA:1,(anonymous_8)
FNDA:1,(anonymous_9)
FNDA:1,(anonymous_10)
FNDA:0,(anonymous_11)
FNDA:0,(anonymous_12)
FNDA:2,(anonymous_13)
FNDA:2,(anonymous_14)
FNDA:0,(anonymous_15)
FNDA:1,(anonymous_16)
FNDA:0,(anonymous_17)
FNDA:0,(anonymous_18)
FNDA:0,(anonymous_19)
FNDA:0,(anonymous_20)
DA:13,15
DA:14,15
DA:15,1
DA:20,1
DA:21,1
DA:22,1
DA:24,1
DA:30,15
DA:31,0
DA:37,15
DA:38,1
DA:39,1
DA:45,15
DA:46,1
DA:56,1
DA:60,0
DA:61,0
DA:63,1
DA:69,15
DA:70,1
DA:79,0
DA:84,0
DA:90,15
DA:91,2
DA:100,0
DA:105,1
DA:111,15
DA:112,0
DA:121,0
DA:125,0
DA:127,0
LF:31
LH:21
BRF:0
BRH:0
end_of_record
TN:
SF:/Users/timothyfehintolu/Documents/code/stack-up/learn/Bootcamp/Fast-Food-Fast-Frontend/src/actions/types.js
FNF:0
FNH:0
DA:1,22
DA:3,22
DA:5,22
DA:7,22
DA:9,22
DA:11,22
DA:13,22
DA:15,22
DA:17,22
DA:19,22
DA:21,22
DA:23,22
DA:25,22
LF:13
LH:13
BRF:0
BRH:0
end_of_record
TN:
SF:/Users/timothyfehintolu/Documents/code/stack-up/learn/Bootcamp/Fast-Food-Fast-Frontend/src/components/NavItems/NavItems.js
FN:12,(anonymous_0)
FN:48,(anonymous_1)
FN:59,(anonymous_2)
FN:59,(anonymous_3)
FN:69,(anonymous_4)
FN:69,(anonymous_5)
FN:78,(anonymous_6)
FN:93,(anonymous_7)
FN:122,(anonymous_8)
FNF:9
FNH:4
FNDA:4,(anonymous_0)
FNDA:4,(anonymous_1)
FNDA:4,(anonymous_2)
FNDA:12,(anonymous_3)
FNDA:0,(anonymous_4)
FNDA:0,(anonymous_5)
FNDA:0,(anonymous_6)
FNDA:0,(anonymous_7)
FNDA:0,(anonymous_8)
DA:12,5
DA:13,4
DA:14,4
DA:15,4
DA:33,4
DA:48,4
DA:49,4
DA:50,4
DA:51,4
DA:52,0
DA:53,0
DA:55,4
DA:58,4
DA:59,4
DA:60,12
DA:69,0
DA:70,0
DA:78,4
DA:79,0
DA:80,0
DA:84,4
DA:93,0
DA:117,5
DA:122,5
LF:24
LH:17
BRDA:51,0,0,0
BRDA:51,0,1,4
BRDA:58,1,0,4
BRDA:58,1,1,0
BRDA:89,2,0,4
BRDA:89,2,1,0
BRF:6
BRH:3
end_of_record
TN:
SF:/Users/timothyfehintolu/Documents/code/stack-up/learn/Bootcamp/Fast-Food-Fast-Frontend/src/components/Pages/AdminOrderPage/AdminOrderPage.js
FN:10,(anonymous_0)
FN:21,(anonymous_1)
FN:28,(anonymous_2)
FN:28,(anonymous_3)
FN:39,(anonymous_4)
FN:46,(anonymous_5)
FN:94,(anonymous_6)
FNF:7
FNH:3
FNDA:5,(anonymous_0)
FNDA:0,(anonymous_1)
FNDA:4,(anonymous_2)
FNDA:0,(anonymous_3)
FNDA:0,(anonymous_4)
FNDA:4,(anonymous_5)
FNDA:0,(anonymous_6)
DA:11,5
DA:12,5
DA:13,0
DA:15,5
DA:16,5
DA:17,5
DA:22,0
DA:23,0
DA:24,0
DA:25,0
DA:28,4
DA:29,0
DA:39,0
DA:47,4
DA:85,2
DA:94,2
LF:16
LH:9
BRDA:12,0,0,0
BRDA:12,0,1,5
BRDA:12,1,0,5
BRDA:12,1,1,5
BRDA:15,2,0,5
BRDA:15,2,1,0
BRDA:50,3,0,4
BRDA:50,3,1,0
BRDA:77,4,0,0
BRDA:77,4,1,4
BRF:10
BRH:6
end_of_record
TN:
SF:/Users/timothyfehintolu/Documents/code/stack-up/learn/Bootcamp/Fast-Food-Fast-Frontend/src/components/Pages/CheckoutPage/CheckoutPage.js
FN:11,(anonymous_0)
FN:18,(anonymous_1)
FN:23,(anonymous_2)
FN:27,(anonymous_3)
FN:36,(anonymous_4)
FN:48,(anonymous_5)
FN:53,(anonymous_6)
FN:53,(anonymous_7)
FN:69,(anonymous_8)
FN:92,(anonymous_9)
FN:100,(anonymous_10)
FN:142,(anonymous_11)
FNF:12
FNH:2
FNDA:4,(anonymous_0)
FNDA:0,(anonymous_1)
FNDA:0,(anonymous_2)
FNDA:0,(anonymous_3)
FNDA:0,(anonymous_4)
FNDA:0,(anonymous_5)
FNDA:0,(anonymous_6)
FNDA:0,(anonymous_7)
FNDA:0,(anonymous_8)
FNDA:3,(anonymous_9)
FNDA:0,(anonymous_10)
FNDA:0,(anonymous_11)
DA:12,4
DA:13,4
DA:14,0
DA:19,0
DA:20,0
DA:21,0
DA:22,0
DA:23,0
DA:24,0
DA:25,0
DA:26,0
DA:27,0
DA:28,0
DA:33,0
DA:36,0
DA:37,0
DA:43,0
DA:49,0
DA:50,0
DA:53,0
DA:54,0
DA:69,0
DA:93,3
DA:94,3
DA:95,3
DA:100,0
DA:133,2
DA:142,2
LF:28
LH:7
BRDA:13,0,0,0
BRDA:13,0,1,4
BRDA:22,1,0,0
BRDA:22,1,1,0
BRDA:26,2,0,0
BRDA:26,2,1,0
BRDA:97,3,0,0
BRDA:97,3,1,3
BRDA:107,4,0,0
BRDA:107,4,1,0
BRF:10
BRH:2
end_of_record
TN:
SF:/Users/timothyfehintolu/Documents/code/stack-up/learn/Bootcamp/Fast-Food-Fast-Frontend/src/components/Pages/Homepage/Homepage.js
FN:18,(anonymous_0)
FN:79,(anonymous_1)
FNF:2
FNH:1
FNDA:3,(anonymous_0)
FNDA:0,(anonymous_1)
DA:19,3
DA:73,2
DA:79,2
LF:3
LH:3
BRF:0
BRH:0
end_of_record
TN:
SF:/Users/timothyfehintolu/Documents/code/stack-up/learn/Bootcamp/Fast-Food-Fast-Frontend/src/components/Pages/LoginPage/LoginPage.js
FN:20,(anonymous_0)
FN:26,(anonymous_1)
FN:38,(anonymous_2)
FN:44,(anonymous_3)
FN:53,(anonymous_4)
FN:111,(anonymous_5)
FNF:6
FNH:3
FNDA:5,(anonymous_0)
FNDA:1,(anonymous_1)
FNDA:0,(anonymous_2)
FNDA:0,(anonymous_3)
FNDA:4,(anonymous_4)
FNDA:0,(anonymous_5)
DA:21,5
DA:22,5
DA:27,1
DA:28,1
DA:31,1
DA:32,0
DA:39,0
DA:45,0
DA:46,0
DA:50,0
DA:54,4
DA:102,2
DA:111,2
LF:13
LH:8
BRDA:21,0,0,5
BRDA:21,0,1,0
BRDA:27,1,0,1
BRDA:27,1,1,0
BRDA:31,2,0,0
BRDA:31,2,1,1
BRDA:56,3,0,0
BRDA:56,3,1,4
BRF:8
BRH:4
end_of_record
TN:
SF:/Users/timothyfehintolu/Documents/code/stack-up/learn/Bootcamp/Fast-Food-Fast-Frontend/src/components/Pages/MenuPage/MenuPage.js
FN:5,(anonymous_0)
FNF:1
FNH:1
FNDA:3,(anonymous_0)
DA:5,2
DA:6,3
LF:2
LH:2
BRF:0
BRH:0
end_of_record
TN:
SF:/Users/timothyfehintolu/Documents/code/stack-up/learn/Bootcamp/Fast-Food-Fast-Frontend/src/components/Pages/SignupPage/SignupPage.js
FN:29,(anonymous_0)
FN:38,(anonymous_1)
FN:50,(anonymous_2)
FN:56,(anonymous_3)
FN:72,(anonymous_4)
FN:170,(anonymous_5)
FNF:6
FNH:3
FNDA:5,(anonymous_0)
FNDA:1,(anonymous_1)
FNDA:0,(anonymous_2)
FNDA:0,(anonymous_3)
FNDA:4,(anonymous_4)
FNDA:0,(anonymous_5)
DA:30,5
DA:31,5
DA:39,1
DA:40,1
DA:43,1
DA:44,0
DA:51,0
DA:57,0
DA:58,0
DA:69,0
DA:73,4
DA:74,4
DA:161,2
DA:170,2
LF:14
LH:9
BRDA:30,0,0,5
BRDA:30,0,1,0
BRDA:39,1,0,1
BRDA:39,1,1,0
BRDA:43,2,0,0
BRDA:43,2,1,1
BRDA:76,3,0,4
BRDA:76,3,1,0
BRDA:77,4,0,0
BRDA:77,4,1,4
BRF:10
BRH:5
end_of_record
TN:
SF:/Users/timothyfehintolu/Documents/code/stack-up/learn/Bootcamp/Fast-Food-Fast-Frontend/src/components/Pages/SuccessPage/SuccessPage.js
FN:3,(anonymous_0)
FNF:1
FNH:1
FNDA:3,(anonymous_0)
DA:3,2
DA:4,3
LF:2
LH:2
BRF:0
BRH:0
end_of_record
TN:
SF:/Users/timothyfehintolu/Documents/code/stack-up/learn/Bootcamp/Fast-Food-Fast-Frontend/src/components/Pages/UserDashboardPage/UserDashboardPage.js
FN:10,(anonymous_0)
FN:22,(anonymous_1)
FN:22,(anonymous_2)
FN:61,(anonymous_3)
FN:89,(anonymous_4)
FNF:5
FNH:3
FNDA:4,(anonymous_0)
FNDA:3,(anonymous_1)
FNDA:0,(anonymous_2)
FNDA:3,(anonymous_3)
FNDA:0,(anonymous_4)
DA:11,4
DA:12,4
DA:13,0
DA:14,0
DA:15,0
DA:17,4
DA:22,3
DA:25,0
DA:62,3
DA:81,2
DA:89,2
LF:11
LH:7
BRDA:12,0,0,0
BRDA:12,0,1,4
BRDA:65,1,0,0
BRDA:65,1,1,3
BRF:4
BRH:2
end_of_record
TN:
SF:/Users/timothyfehintolu/Documents/code/stack-up/learn/Bootcamp/Fast-Food-Fast-Frontend/src/components/UI/Button/index.jsx
FN:8,(anonymous_0)
FN:13,(anonymous_1)
FNF:2
FNH:2
FNDA:2,(anonymous_0)
FNDA:1,(anonymous_1)
DA:9,2
DA:10,2
DA:13,1
LF:3
LH:3
BRDA:12,0,0,1
BRDA:12,0,1,1
BRF:2
BRH:2
end_of_record
TN:
SF:/Users/timothyfehintolu/Documents/code/stack-up/learn/Bootcamp/Fast-Food-Fast-Frontend/src/components/UI/Card/Card.js
FN:13,(anonymous_0)
FN:17,(anonymous_1)
FN:22,(anonymous_2)
FN:25,(anonymous_3)
FN:40,(anonymous_4)
FN:41,(anonymous_5)
FN:55,(anonymous_6)
FN:73,(anonymous_7)
FNF:8
FNH:3
FNDA:4,(anonymous_0)
FNDA:0,(anonymous_1)
FNDA:3,(anonymous_2)
FNDA:0,(anonymous_3)
FNDA:0,(anonymous_4)
FNDA:0,(anonymous_5)
FNDA:3,(anonymous_6)
FNDA:0,(anonymous_7)
DA:14,4
DA:18,0
DA:19,0
DA:23,3
DA:24,3
DA:25,3
DA:26,0
DA:40,0
DA:41,0
DA:56,3
DA:64,4
DA:73,4
LF:12
LH:7
BRDA:24,0,0,3
BRDA:24,0,1,0
BRF:2
BRH:1
end_of_record
TN:
SF:/Users/timothyfehintolu/Documents/code/stack-up/learn/Bootcamp/Fast-Food-Fast-Frontend/src/components/UI/Content/Content.jsx
FN:6,(anonymous_0)
FNF:1
FNH:1
FNDA:3,(anonymous_0)
DA:7,3
DA:8,3
LF:2
LH:2
BRDA:9,0,0,1
BRDA:9,0,1,2
BRF:2
BRH:2
end_of_record
TN:
SF:/Users/timothyfehintolu/Documents/code/stack-up/learn/Bootcamp/Fast-Food-Fast-Frontend/src/components/UI/Footer/Footer.js
FN:6,(anonymous_0)
FNF:1
FNH:1
FNDA:3,(anonymous_0)
DA:6,3
DA:7,3
LF:2
LH:2
BRF:0
BRH:0
end_of_record
TN:
SF:/Users/timothyfehintolu/Documents/code/stack-up/learn/Bootcamp/Fast-Food-Fast-Frontend/src/components/UI/Header/header.js
FN:6,(anonymous_0)
FN:7,(anonymous_1)
FN:16,(anonymous_2)
FN:49,(anonymous_3)
FN:49,(anonymous_4)
FNF:5
FNH:5
FNDA:3,(anonymous_0)
FNDA:3,(anonymous_1)
FNDA:3,(anonymous_2)
FNDA:3,(anonymous_3)
FNDA:12,(anonymous_4)
DA:6,3
DA:7,3
DA:8,3
DA:16,3
DA:17,3
DA:27,3
DA:49,3
DA:50,12
DA:56,3
LF:9
LH:9
BRF:0
BRH:0
end_of_record
TN:
SF:/Users/timothyfehintolu/Documents/code/stack-up/learn/Bootcamp/Fast-Food-Fast-Frontend/src/components/UI/Input/Input.jsx
FN:9,(anonymous_0)
FN:14,(anonymous_1)
FNF:2
FNH:2
FNDA:4,(anonymous_0)
FNDA:1,(anonymous_1)
DA:10,4
DA:11,4
DA:14,1
LF:3
LH:3
BRF:0
BRH:0
end_of_record
TN:
SF:/Users/timothyfehintolu/Documents/code/stack-up/learn/Bootcamp/Fast-Food-Fast-Frontend/src/components/UI/Navbar/Navbar.js
FN:6,(anonymous_0)
FNF:1
FNH:1
FNDA:4,(anonymous_0)
DA:6,4
DA:7,4
LF:2
LH:2
BRF:0
BRH:0
end_of_record
TN:
SF:/Users/timothyfehintolu/Documents/code/stack-up/learn/Bootcamp/Fast-Food-Fast-Frontend/src/components/UI/NotFound/NotFound.js
FN:6,(anonymous_0)
FNF:1
FNH:1
FNDA:5,(anonymous_0)
DA:6,2
DA:7,5
LF:2
LH:2
BRF:0
BRH:0
end_of_record
TN:
SF:/Users/timothyfehintolu/Documents/code/stack-up/learn/Bootcamp/Fast-Food-Fast-Frontend/src/containers/Frame/Frame.js
FN:13,(anonymous_0)
FNF:1
FNH:1
FNDA:5,(anonymous_0)
DA:14,5
LF:1
LH:1
BRF:0
BRH:0
end_of_record
TN:
SF:/Users/timothyfehintolu/Documents/code/stack-up/learn/Bootcamp/Fast-Food-Fast-Frontend/src/helpers/helpers.js
FNF:0
FNH:0
DA:2,3
LF:1
LH:1
BRF:0
BRH:0
end_of_record
TN:
SF:/Users/timothyfehintolu/Documents/code/stack-up/learn/Bootcamp/Fast-Food-Fast-Frontend/src/helpers/isEmpty.js
FN:1,(anonymous_0)
FNF:1
FNH:1
FNDA:1,(anonymous_0)
DA:1,1
LF:1
LH:1
BRDA:1,0,0,1
BRDA:1,0,1,0
BRDA:1,0,2,0
BRDA:1,0,3,0
BRDA:1,0,4,0
BRDA:1,0,5,0
BRF:6
BRH:1
end_of_record
TN:
SF:/Users/timothyfehintolu/Documents/code/stack-up/learn/Bootcamp/Fast-Food-Fast-Frontend/src/hoc/asyncComponent.js
FN:3,asyncComponent
FN:4,(anonymous_16)
FN:4,componentDidMount
FN:11,(anonymous_19)
FN:4,render
FNF:5
FNH:0
FNDA:0,asyncComponent
FNDA:0,(anonymous_16)
FNDA:0,componentDidMount
FNDA:0,(anonymous_19)
FNDA:0,render
DA:1,0
DA:3,0
DA:4,0
DA:9,0
DA:10,0
DA:12,0
DA:17,0
DA:19,0
LF:8
LH:0
BRDA:19,0,0,0
BRDA:19,0,1,0
BRF:2
BRH:0
end_of_record
TN:
SF:/Users/timothyfehintolu/Documents/code/stack-up/learn/Bootcamp/Fast-Food-Fast-Frontend/src/reducers/authReducer.js
FN:9,(anonymous_0)
FNF:1
FNH:1
FNDA:2,(anonymous_0)
DA:4,1
DA:10,2
DA:12,1
DA:18,1
LF:4
LH:4
BRDA:9,0,0,1
BRDA:10,1,0,1
BRDA:10,1,1,1
BRF:3
BRH:3
end_of_record
TN:
SF:/Users/timothyfehintolu/Documents/code/stack-up/learn/Bootcamp/Fast-Food-Fast-Frontend/src/reducers/errorReducer.js
FN:7,(anonymous_0)
FNF:1
FNH:1
FNDA:2,(anonymous_0)
DA:3,1
DA:8,2
DA:10,1
DA:13,1
LF:4
LH:4
BRDA:7,0,0,1
BRDA:8,1,0,1
BRDA:8,1,1,1
BRF:3
BRH:3
end_of_record
TN:
SF:/Users/timothyfehintolu/Documents/code/stack-up/learn/Bootcamp/Fast-Food-Fast-Frontend/src/reducers/getOrdersReducer.js
FN:8,(anonymous_0)
FNF:1
FNH:1
FNDA:4,(anonymous_0)
DA:3,1
DA:9,4
DA:11,1
DA:16,1
DA:22,1
DA:27,1
LF:6
LH:6
BRDA:8,0,0,1
BRDA:9,1,0,1
BRDA:9,1,1,1
BRDA:9,1,2,1
BRDA:9,1,3,1
BRF:5
BRH:5
end_of_record
TN:
SF:/Users/timothyfehintolu/Documents/code/stack-up/learn/Bootcamp/Fast-Food-Fast-Frontend/src/reducers/index.js
FNF:0
FNH:0
DA:1,0
DA:2,0
DA:3,0
DA:4,0
DA:5,0
DA:6,0
DA:7,0
LF:7
LH:0
BRF:0
BRH:0
end_of_record
TN:
SF:/Users/timothyfehintolu/Documents/code/stack-up/learn/Bootcamp/Fast-Food-Fast-Frontend/src/reducers/menuReducer.js
FN:8,(anonymous_0)
FNF:1
FNH:1
FNDA:3,(anonymous_0)
DA:3,1
DA:9,3
DA:11,1
DA:16,1
DA:22,1
LF:5
LH:5
BRDA:8,0,0,1
BRDA:9,1,0,1
BRDA:9,1,1,1
BRDA:9,1,2,1
BRF:4
BRH:4
end_of_record
TN:
SF:/Users/timothyfehintolu/Documents/code/stack-up/learn/Bootcamp/Fast-Food-Fast-Frontend/src/reducers/orderReducer.js
FN:18,(anonymous_0)
FN:34,(anonymous_1)
FNF:2
FNH:1
FNDA:4,(anonymous_0)
FNDA:0,(anonymous_1)
DA:10,1
DA:12,1
DA:19,4
DA:21,0
DA:27,1
DA:32,0
DA:34,0
DA:38,1
DA:43,1
DA:50,1
LF:10
LH:7
BRDA:18,0,0,1
BRDA:19,1,0,0
BRDA:19,1,1,1
BRDA:19,1,2,0
BRDA:19,1,3,1
BRDA:19,1,4,1
BRDA:19,1,5,1
BRDA:34,2,0,0
BRDA:34,2,1,0
BRF:9
BRH:5
end_of_record
TN:
SF:/Users/timothyfehintolu/Documents/code/stack-up/learn/Bootcamp/Fast-Food-Fast-Frontend/src/reducers/successReducer.js
FN:7,(anonymous_0)
FNF:1
FNH:1
FNDA:2,(anonymous_0)
DA:3,1
DA:8,2
DA:10,1
DA:13,1
LF:4
LH:4
BRDA:7,0,0,1
BRDA:8,1,0,1
BRDA:8,1,1,1
BRF:3
BRH:3
end_of_record
TN:
SF:/Users/timothyfehintolu/Documents/code/stack-up/learn/Bootcamp/Fast-Food-Fast-Frontend/src/routes/Routes.js
FN:17,(anonymous_0)
FNF:1
FNH:1
FNDA:1,(anonymous_0)
DA:18,1
LF:1
LH:1
BRF:0
BRH:0
end_of_record
TN:
SF:/Users/timothyfehintolu/Documents/code/stack-up/learn/Bootcamp/Fast-Food-Fast-Frontend/src/store/index.js
FNF:0
FNH:0
DA:2,0
DA:4,0
DA:5,0
DA:7,0
DA:8,0
DA:9,0
LF:6
LH:0
BRDA:12,0,0,0
BRDA:12,0,1,0
BRF:2
BRH:0
end_of_record
TN:
SF:/Users/timothyfehintolu/Documents/code/stack-up/learn/Bootcamp/Fast-Food-Fast-Frontend/src/utils/setAuthToken.js
FN:4,(anonymous_0)
FNF:1
FNH:1
FNDA:3,(anonymous_0)
DA:4,8
DA:5,3
DA:7,0
DA:10,3
LF:4
LH:3
BRDA:5,0,0,0
BRDA:5,0,1,3
BRF:2
BRH:1
end_of_record
